[2019-03-23T14:52:14.786] [ERROR] cheese - {"projectName":"koa2-tutor","serverIp":"10.101.7.170","method":"GET","url":"/","host":"localhost:3000","message":"Error: template not found: home/index.html\n    at createTemplate (F:\\hub\\koa2Tutor\\node_modules\\nunjucks\\src\\environment.js:290:15)\n    at next (F:\\hub\\koa2Tutor\\node_modules\\nunjucks\\src\\lib.js:282:7)\n    at handle (F:\\hub\\koa2Tutor\\node_modules\\nunjucks\\src\\environment.js:329:11)\n    at F:\\hub\\koa2Tutor\\node_modules\\nunjucks\\src\\environment.js:339:9\n    at next (F:\\hub\\koa2Tutor\\node_modules\\nunjucks\\src\\lib.js:280:7)\n    at Object.asyncIter (F:\\hub\\koa2Tutor\\node_modules\\nunjucks\\src\\lib.js:286:3)\n    at Environment.getTemplate (F:\\hub\\koa2Tutor\\node_modules\\nunjucks\\src\\environment.js:321:9)\n    at Environment.render (F:\\hub\\koa2Tutor\\node_modules\\nunjucks\\src\\environment.js:360:10)\n    at Environment.tryCatcher (F:\\hub\\koa2Tutor\\node_modules\\bluebird\\js\\release\\util.js:16:23)\n    at Environment.ret [as renderAsync] (eval at makeNodePromisifiedEval (F:\\hub\\koa2Tutor\\node_modules\\bluebird\\js\\release\\promisify.js:184:12), <anonymous>:13:39)\n    at _callee$ (F:\\hub\\koa2Tutor\\node_modules\\koa-nunjucks-2\\compiled.js:109:64)\n    at tryCatch (F:\\hub\\koa2Tutor\\node_modules\\regenerator-runtime\\runtime.js:62:40)\n    at Generator.invoke [as _invoke] (F:\\hub\\koa2Tutor\\node_modules\\regenerator-runtime\\runtime.js:296:22)\n    at Generator.prototype.(anonymous function) [as next] (F:\\hub\\koa2Tutor\\node_modules\\regenerator-runtime\\runtime.js:114:21)\n    at step (F:\\hub\\koa2Tutor\\node_modules\\babel-runtime\\helpers\\asyncToGenerator.js:17:30)\n    at F:\\hub\\koa2Tutor\\node_modules\\babel-runtime\\helpers\\asyncToGenerator.js:35:14","userAgent":"Mozilla/5.0 (Windows NT 10.0; Win64; x64) AppleWebKit/537.36 (KHTML, like Gecko) Chrome/72.0.3626.121 Safari/537.36"}
[2019-03-23T14:52:14.855] [INFO] cheese - {"projectName":"koa2-tutor","serverIp":"10.101.7.170","method":"GET","url":"/favicon.ico","host":"localhost:3000","message":{"responseTime":"响应时间为0.003s"},"referer":"http://localhost:3000/","userAgent":"Mozilla/5.0 (Windows NT 10.0; Win64; x64) AppleWebKit/537.36 (KHTML, like Gecko) Chrome/72.0.3626.121 Safari/537.36"}
[2019-03-23T14:53:40.857] [INFO] cheese - {"projectName":"koa2-tutor","serverIp":"10.101.7.170","method":"GET","url":"/homeParams","host":"localhost:3000","message":{"responseTime":"响应时间为0.002s"},"userAgent":"Mozilla/5.0 (Windows NT 10.0; Win64; x64) AppleWebKit/537.36 (KHTML, like Gecko) Chrome/72.0.3626.121 Safari/537.36"}
[2019-03-23T14:53:52.281] [INFO] cheese - {"projectName":"koa2-tutor","serverIp":"10.101.7.170","method":"GET","url":"/home","host":"localhost:3000","message":{"responseTime":"响应时间为0.003s"},"userAgent":"Mozilla/5.0 (Windows NT 10.0; Win64; x64) AppleWebKit/537.36 (KHTML, like Gecko) Chrome/72.0.3626.121 Safari/537.36"}
[2019-03-23T14:56:32.145] [ERROR] cheese - {"projectName":"koa2-tutor","serverIp":"10.101.7.170","method":"GET","url":"/user","host":"localhost:3000","message":"Error: template not found: home/login.html\n    at createTemplate (F:\\hub\\koa2Tutor\\node_modules\\nunjucks\\src\\environment.js:290:15)\n    at next (F:\\hub\\koa2Tutor\\node_modules\\nunjucks\\src\\lib.js:282:7)\n    at handle (F:\\hub\\koa2Tutor\\node_modules\\nunjucks\\src\\environment.js:329:11)\n    at F:\\hub\\koa2Tutor\\node_modules\\nunjucks\\src\\environment.js:339:9\n    at next (F:\\hub\\koa2Tutor\\node_modules\\nunjucks\\src\\lib.js:280:7)\n    at Object.asyncIter (F:\\hub\\koa2Tutor\\node_modules\\nunjucks\\src\\lib.js:286:3)\n    at Environment.getTemplate (F:\\hub\\koa2Tutor\\node_modules\\nunjucks\\src\\environment.js:321:9)\n    at Environment.render (F:\\hub\\koa2Tutor\\node_modules\\nunjucks\\src\\environment.js:360:10)\n    at Environment.tryCatcher (F:\\hub\\koa2Tutor\\node_modules\\bluebird\\js\\release\\util.js:16:23)\n    at Environment.ret [as renderAsync] (eval at makeNodePromisifiedEval (F:\\hub\\koa2Tutor\\node_modules\\bluebird\\js\\release\\promisify.js:184:12), <anonymous>:13:39)\n    at _callee$ (F:\\hub\\koa2Tutor\\node_modules\\koa-nunjucks-2\\compiled.js:109:64)\n    at tryCatch (F:\\hub\\koa2Tutor\\node_modules\\regenerator-runtime\\runtime.js:62:40)\n    at Generator.invoke [as _invoke] (F:\\hub\\koa2Tutor\\node_modules\\regenerator-runtime\\runtime.js:296:22)\n    at Generator.prototype.(anonymous function) [as next] (F:\\hub\\koa2Tutor\\node_modules\\regenerator-runtime\\runtime.js:114:21)\n    at step (F:\\hub\\koa2Tutor\\node_modules\\babel-runtime\\helpers\\asyncToGenerator.js:17:30)\n    at F:\\hub\\koa2Tutor\\node_modules\\babel-runtime\\helpers\\asyncToGenerator.js:35:14","userAgent":"Mozilla/5.0 (Windows NT 10.0; Win64; x64) AppleWebKit/537.36 (KHTML, like Gecko) Chrome/72.0.3626.121 Safari/537.36"}
[2019-03-23T14:56:50.360] [INFO] cheese - {"projectName":"koa2-tutor","serverIp":"10.101.7.170","method":"GET","url":"/index","host":"localhost:3000","message":{"responseTime":"响应时间为0.002s"},"userAgent":"Mozilla/5.0 (Windows NT 10.0; Win64; x64) AppleWebKit/537.36 (KHTML, like Gecko) Chrome/72.0.3626.121 Safari/537.36"}
[2019-03-23T14:56:59.511] [ERROR] cheese - {"projectName":"koa2-tutor","serverIp":"10.101.7.170","method":"GET","url":"/","host":"localhost:3000","message":"Error: template not found: home/index.html\n    at createTemplate (F:\\hub\\koa2Tutor\\node_modules\\nunjucks\\src\\environment.js:290:15)\n    at next (F:\\hub\\koa2Tutor\\node_modules\\nunjucks\\src\\lib.js:282:7)\n    at handle (F:\\hub\\koa2Tutor\\node_modules\\nunjucks\\src\\environment.js:329:11)\n    at F:\\hub\\koa2Tutor\\node_modules\\nunjucks\\src\\environment.js:339:9\n    at next (F:\\hub\\koa2Tutor\\node_modules\\nunjucks\\src\\lib.js:280:7)\n    at Object.asyncIter (F:\\hub\\koa2Tutor\\node_modules\\nunjucks\\src\\lib.js:286:3)\n    at Environment.getTemplate (F:\\hub\\koa2Tutor\\node_modules\\nunjucks\\src\\environment.js:321:9)\n    at Environment.render (F:\\hub\\koa2Tutor\\node_modules\\nunjucks\\src\\environment.js:360:10)\n    at Environment.tryCatcher (F:\\hub\\koa2Tutor\\node_modules\\bluebird\\js\\release\\util.js:16:23)\n    at Environment.ret [as renderAsync] (eval at makeNodePromisifiedEval (F:\\hub\\koa2Tutor\\node_modules\\bluebird\\js\\release\\promisify.js:184:12), <anonymous>:13:39)\n    at _callee$ (F:\\hub\\koa2Tutor\\node_modules\\koa-nunjucks-2\\compiled.js:109:64)\n    at tryCatch (F:\\hub\\koa2Tutor\\node_modules\\regenerator-runtime\\runtime.js:62:40)\n    at Generator.invoke [as _invoke] (F:\\hub\\koa2Tutor\\node_modules\\regenerator-runtime\\runtime.js:296:22)\n    at Generator.prototype.(anonymous function) [as next] (F:\\hub\\koa2Tutor\\node_modules\\regenerator-runtime\\runtime.js:114:21)\n    at step (F:\\hub\\koa2Tutor\\node_modules\\babel-runtime\\helpers\\asyncToGenerator.js:17:30)\n    at F:\\hub\\koa2Tutor\\node_modules\\babel-runtime\\helpers\\asyncToGenerator.js:35:14","userAgent":"Mozilla/5.0 (Windows NT 10.0; Win64; x64) AppleWebKit/537.36 (KHTML, like Gecko) Chrome/72.0.3626.121 Safari/537.36"}
[2019-03-23T14:59:07.817] [ERROR] cheese - {"projectName":"koa2-tutor","serverIp":"10.101.7.170","method":"GET","url":"/","host":"localhost:3000","message":"Error: template not found: home/index.html\n    at createTemplate (F:\\hub\\koa2Tutor\\node_modules\\nunjucks\\src\\environment.js:290:15)\n    at next (F:\\hub\\koa2Tutor\\node_modules\\nunjucks\\src\\lib.js:282:7)\n    at handle (F:\\hub\\koa2Tutor\\node_modules\\nunjucks\\src\\environment.js:329:11)\n    at F:\\hub\\koa2Tutor\\node_modules\\nunjucks\\src\\environment.js:339:9\n    at next (F:\\hub\\koa2Tutor\\node_modules\\nunjucks\\src\\lib.js:280:7)\n    at Object.asyncIter (F:\\hub\\koa2Tutor\\node_modules\\nunjucks\\src\\lib.js:286:3)\n    at Environment.getTemplate (F:\\hub\\koa2Tutor\\node_modules\\nunjucks\\src\\environment.js:321:9)\n    at Environment.render (F:\\hub\\koa2Tutor\\node_modules\\nunjucks\\src\\environment.js:360:10)\n    at Environment.tryCatcher (F:\\hub\\koa2Tutor\\node_modules\\bluebird\\js\\release\\util.js:16:23)\n    at Environment.ret [as renderAsync] (eval at makeNodePromisifiedEval (F:\\hub\\koa2Tutor\\node_modules\\bluebird\\js\\release\\promisify.js:184:12), <anonymous>:13:39)\n    at _callee$ (F:\\hub\\koa2Tutor\\node_modules\\koa-nunjucks-2\\compiled.js:109:64)\n    at tryCatch (F:\\hub\\koa2Tutor\\node_modules\\regenerator-runtime\\runtime.js:62:40)\n    at Generator.invoke [as _invoke] (F:\\hub\\koa2Tutor\\node_modules\\regenerator-runtime\\runtime.js:296:22)\n    at Generator.prototype.(anonymous function) [as next] (F:\\hub\\koa2Tutor\\node_modules\\regenerator-runtime\\runtime.js:114:21)\n    at step (F:\\hub\\koa2Tutor\\node_modules\\babel-runtime\\helpers\\asyncToGenerator.js:17:30)\n    at F:\\hub\\koa2Tutor\\node_modules\\babel-runtime\\helpers\\asyncToGenerator.js:35:14","userAgent":"Mozilla/5.0 (Windows NT 10.0; Win64; x64) AppleWebKit/537.36 (KHTML, like Gecko) Chrome/72.0.3626.121 Safari/537.36"}
[2019-03-23T15:02:40.027] [ERROR] cheese - {"projectName":"koa2-tutor","serverIp":"10.101.7.170","method":"GET","url":"/","host":"localhost:3000","message":"Error: template not found: home/index.html\n    at createTemplate (F:\\hub\\koa2Tutor\\node_modules\\nunjucks\\src\\environment.js:290:15)\n    at next (F:\\hub\\koa2Tutor\\node_modules\\nunjucks\\src\\lib.js:282:7)\n    at handle (F:\\hub\\koa2Tutor\\node_modules\\nunjucks\\src\\environment.js:329:11)\n    at F:\\hub\\koa2Tutor\\node_modules\\nunjucks\\src\\environment.js:339:9\n    at next (F:\\hub\\koa2Tutor\\node_modules\\nunjucks\\src\\lib.js:280:7)\n    at Object.asyncIter (F:\\hub\\koa2Tutor\\node_modules\\nunjucks\\src\\lib.js:286:3)\n    at Environment.getTemplate (F:\\hub\\koa2Tutor\\node_modules\\nunjucks\\src\\environment.js:321:9)\n    at Environment.render (F:\\hub\\koa2Tutor\\node_modules\\nunjucks\\src\\environment.js:360:10)\n    at Environment.tryCatcher (F:\\hub\\koa2Tutor\\node_modules\\bluebird\\js\\release\\util.js:16:23)\n    at Environment.ret [as renderAsync] (eval at makeNodePromisifiedEval (F:\\hub\\koa2Tutor\\node_modules\\bluebird\\js\\release\\promisify.js:184:12), <anonymous>:13:39)\n    at _callee$ (F:\\hub\\koa2Tutor\\node_modules\\koa-nunjucks-2\\compiled.js:109:64)\n    at tryCatch (F:\\hub\\koa2Tutor\\node_modules\\regenerator-runtime\\runtime.js:62:40)\n    at Generator.invoke [as _invoke] (F:\\hub\\koa2Tutor\\node_modules\\regenerator-runtime\\runtime.js:296:22)\n    at Generator.prototype.(anonymous function) [as next] (F:\\hub\\koa2Tutor\\node_modules\\regenerator-runtime\\runtime.js:114:21)\n    at step (F:\\hub\\koa2Tutor\\node_modules\\babel-runtime\\helpers\\asyncToGenerator.js:17:30)\n    at F:\\hub\\koa2Tutor\\node_modules\\babel-runtime\\helpers\\asyncToGenerator.js:35:14","userAgent":"Mozilla/5.0 (Windows NT 10.0; Win64; x64) AppleWebKit/537.36 (KHTML, like Gecko) Chrome/72.0.3626.121 Safari/537.36"}
[2019-03-23T15:02:41.595] [ERROR] cheese - {"projectName":"koa2-tutor","serverIp":"10.101.7.170","method":"GET","url":"/","host":"localhost:3000","message":"Error: template not found: home/index.html\n    at createTemplate (F:\\hub\\koa2Tutor\\node_modules\\nunjucks\\src\\environment.js:290:15)\n    at next (F:\\hub\\koa2Tutor\\node_modules\\nunjucks\\src\\lib.js:282:7)\n    at handle (F:\\hub\\koa2Tutor\\node_modules\\nunjucks\\src\\environment.js:329:11)\n    at F:\\hub\\koa2Tutor\\node_modules\\nunjucks\\src\\environment.js:339:9\n    at next (F:\\hub\\koa2Tutor\\node_modules\\nunjucks\\src\\lib.js:280:7)\n    at Object.asyncIter (F:\\hub\\koa2Tutor\\node_modules\\nunjucks\\src\\lib.js:286:3)\n    at Environment.getTemplate (F:\\hub\\koa2Tutor\\node_modules\\nunjucks\\src\\environment.js:321:9)\n    at Environment.render (F:\\hub\\koa2Tutor\\node_modules\\nunjucks\\src\\environment.js:360:10)\n    at Environment.tryCatcher (F:\\hub\\koa2Tutor\\node_modules\\bluebird\\js\\release\\util.js:16:23)\n    at Environment.ret [as renderAsync] (eval at makeNodePromisifiedEval (F:\\hub\\koa2Tutor\\node_modules\\bluebird\\js\\release\\promisify.js:184:12), <anonymous>:13:39)\n    at _callee$ (F:\\hub\\koa2Tutor\\node_modules\\koa-nunjucks-2\\compiled.js:109:64)\n    at tryCatch (F:\\hub\\koa2Tutor\\node_modules\\regenerator-runtime\\runtime.js:62:40)\n    at Generator.invoke [as _invoke] (F:\\hub\\koa2Tutor\\node_modules\\regenerator-runtime\\runtime.js:296:22)\n    at Generator.prototype.(anonymous function) [as next] (F:\\hub\\koa2Tutor\\node_modules\\regenerator-runtime\\runtime.js:114:21)\n    at step (F:\\hub\\koa2Tutor\\node_modules\\babel-runtime\\helpers\\asyncToGenerator.js:17:30)\n    at F:\\hub\\koa2Tutor\\node_modules\\babel-runtime\\helpers\\asyncToGenerator.js:35:14","userAgent":"Mozilla/5.0 (Windows NT 10.0; Win64; x64) AppleWebKit/537.36 (KHTML, like Gecko) Chrome/72.0.3626.121 Safari/537.36"}
[2019-03-23T15:09:20.165] [ERROR] cheese - {"projectName":"koa2-tutor","serverIp":"10.101.7.170","method":"GET","url":"/","host":"localhost:3000","message":"Error: template not found: home/index.html\n    at createTemplate (F:\\hub\\koa2Tutor\\node_modules\\nunjucks\\src\\environment.js:290:15)\n    at next (F:\\hub\\koa2Tutor\\node_modules\\nunjucks\\src\\lib.js:282:7)\n    at handle (F:\\hub\\koa2Tutor\\node_modules\\nunjucks\\src\\environment.js:329:11)\n    at F:\\hub\\koa2Tutor\\node_modules\\nunjucks\\src\\environment.js:339:9\n    at next (F:\\hub\\koa2Tutor\\node_modules\\nunjucks\\src\\lib.js:280:7)\n    at Object.asyncIter (F:\\hub\\koa2Tutor\\node_modules\\nunjucks\\src\\lib.js:286:3)\n    at Environment.getTemplate (F:\\hub\\koa2Tutor\\node_modules\\nunjucks\\src\\environment.js:321:9)\n    at Environment.render (F:\\hub\\koa2Tutor\\node_modules\\nunjucks\\src\\environment.js:360:10)\n    at Environment.tryCatcher (F:\\hub\\koa2Tutor\\node_modules\\bluebird\\js\\release\\util.js:16:23)\n    at Environment.ret [as renderAsync] (eval at makeNodePromisifiedEval (F:\\hub\\koa2Tutor\\node_modules\\bluebird\\js\\release\\promisify.js:184:12), <anonymous>:13:39)\n    at _callee$ (F:\\hub\\koa2Tutor\\node_modules\\koa-nunjucks-2\\compiled.js:109:64)\n    at tryCatch (F:\\hub\\koa2Tutor\\node_modules\\regenerator-runtime\\runtime.js:62:40)\n    at Generator.invoke [as _invoke] (F:\\hub\\koa2Tutor\\node_modules\\regenerator-runtime\\runtime.js:296:22)\n    at Generator.prototype.(anonymous function) [as next] (F:\\hub\\koa2Tutor\\node_modules\\regenerator-runtime\\runtime.js:114:21)\n    at step (F:\\hub\\koa2Tutor\\node_modules\\babel-runtime\\helpers\\asyncToGenerator.js:17:30)\n    at F:\\hub\\koa2Tutor\\node_modules\\babel-runtime\\helpers\\asyncToGenerator.js:35:14","userAgent":"Mozilla/5.0 (Windows NT 10.0; Win64; x64) AppleWebKit/537.36 (KHTML, like Gecko) Chrome/72.0.3626.121 Safari/537.36"}
[2019-03-23T15:09:21.762] [ERROR] cheese - {"projectName":"koa2-tutor","serverIp":"10.101.7.170","method":"GET","url":"/","host":"localhost:3000","message":"Error: template not found: home/index.html\n    at createTemplate (F:\\hub\\koa2Tutor\\node_modules\\nunjucks\\src\\environment.js:290:15)\n    at next (F:\\hub\\koa2Tutor\\node_modules\\nunjucks\\src\\lib.js:282:7)\n    at handle (F:\\hub\\koa2Tutor\\node_modules\\nunjucks\\src\\environment.js:329:11)\n    at F:\\hub\\koa2Tutor\\node_modules\\nunjucks\\src\\environment.js:339:9\n    at next (F:\\hub\\koa2Tutor\\node_modules\\nunjucks\\src\\lib.js:280:7)\n    at Object.asyncIter (F:\\hub\\koa2Tutor\\node_modules\\nunjucks\\src\\lib.js:286:3)\n    at Environment.getTemplate (F:\\hub\\koa2Tutor\\node_modules\\nunjucks\\src\\environment.js:321:9)\n    at Environment.render (F:\\hub\\koa2Tutor\\node_modules\\nunjucks\\src\\environment.js:360:10)\n    at Environment.tryCatcher (F:\\hub\\koa2Tutor\\node_modules\\bluebird\\js\\release\\util.js:16:23)\n    at Environment.ret [as renderAsync] (eval at makeNodePromisifiedEval (F:\\hub\\koa2Tutor\\node_modules\\bluebird\\js\\release\\promisify.js:184:12), <anonymous>:13:39)\n    at _callee$ (F:\\hub\\koa2Tutor\\node_modules\\koa-nunjucks-2\\compiled.js:109:64)\n    at tryCatch (F:\\hub\\koa2Tutor\\node_modules\\regenerator-runtime\\runtime.js:62:40)\n    at Generator.invoke [as _invoke] (F:\\hub\\koa2Tutor\\node_modules\\regenerator-runtime\\runtime.js:296:22)\n    at Generator.prototype.(anonymous function) [as next] (F:\\hub\\koa2Tutor\\node_modules\\regenerator-runtime\\runtime.js:114:21)\n    at step (F:\\hub\\koa2Tutor\\node_modules\\babel-runtime\\helpers\\asyncToGenerator.js:17:30)\n    at F:\\hub\\koa2Tutor\\node_modules\\babel-runtime\\helpers\\asyncToGenerator.js:35:14","userAgent":"Mozilla/5.0 (Windows NT 10.0; Win64; x64) AppleWebKit/537.36 (KHTML, like Gecko) Chrome/72.0.3626.121 Safari/537.36"}
[2019-03-23T15:09:23.241] [ERROR] cheese - {"projectName":"koa2-tutor","serverIp":"10.101.7.170","method":"GET","url":"/","host":"localhost:3000","message":"Error: template not found: home/index.html\n    at createTemplate (F:\\hub\\koa2Tutor\\node_modules\\nunjucks\\src\\environment.js:290:15)\n    at next (F:\\hub\\koa2Tutor\\node_modules\\nunjucks\\src\\lib.js:282:7)\n    at handle (F:\\hub\\koa2Tutor\\node_modules\\nunjucks\\src\\environment.js:329:11)\n    at F:\\hub\\koa2Tutor\\node_modules\\nunjucks\\src\\environment.js:339:9\n    at next (F:\\hub\\koa2Tutor\\node_modules\\nunjucks\\src\\lib.js:280:7)\n    at Object.asyncIter (F:\\hub\\koa2Tutor\\node_modules\\nunjucks\\src\\lib.js:286:3)\n    at Environment.getTemplate (F:\\hub\\koa2Tutor\\node_modules\\nunjucks\\src\\environment.js:321:9)\n    at Environment.render (F:\\hub\\koa2Tutor\\node_modules\\nunjucks\\src\\environment.js:360:10)\n    at Environment.tryCatcher (F:\\hub\\koa2Tutor\\node_modules\\bluebird\\js\\release\\util.js:16:23)\n    at Environment.ret [as renderAsync] (eval at makeNodePromisifiedEval (F:\\hub\\koa2Tutor\\node_modules\\bluebird\\js\\release\\promisify.js:184:12), <anonymous>:13:39)\n    at _callee$ (F:\\hub\\koa2Tutor\\node_modules\\koa-nunjucks-2\\compiled.js:109:64)\n    at tryCatch (F:\\hub\\koa2Tutor\\node_modules\\regenerator-runtime\\runtime.js:62:40)\n    at Generator.invoke [as _invoke] (F:\\hub\\koa2Tutor\\node_modules\\regenerator-runtime\\runtime.js:296:22)\n    at Generator.prototype.(anonymous function) [as next] (F:\\hub\\koa2Tutor\\node_modules\\regenerator-runtime\\runtime.js:114:21)\n    at step (F:\\hub\\koa2Tutor\\node_modules\\babel-runtime\\helpers\\asyncToGenerator.js:17:30)\n    at F:\\hub\\koa2Tutor\\node_modules\\babel-runtime\\helpers\\asyncToGenerator.js:35:14","userAgent":"Mozilla/5.0 (Windows NT 10.0; Win64; x64) AppleWebKit/537.36 (KHTML, like Gecko) Chrome/72.0.3626.121 Safari/537.36"}
[2019-03-23T15:09:37.131] [ERROR] cheese - {"projectName":"koa2-tutor","serverIp":"10.101.7.170","method":"GET","url":"/","host":"localhost:3000","message":"Error: template not found: home/index.html\n    at createTemplate (F:\\hub\\koa2Tutor\\node_modules\\nunjucks\\src\\environment.js:290:15)\n    at next (F:\\hub\\koa2Tutor\\node_modules\\nunjucks\\src\\lib.js:282:7)\n    at handle (F:\\hub\\koa2Tutor\\node_modules\\nunjucks\\src\\environment.js:329:11)\n    at F:\\hub\\koa2Tutor\\node_modules\\nunjucks\\src\\environment.js:339:9\n    at next (F:\\hub\\koa2Tutor\\node_modules\\nunjucks\\src\\lib.js:280:7)\n    at Object.asyncIter (F:\\hub\\koa2Tutor\\node_modules\\nunjucks\\src\\lib.js:286:3)\n    at Environment.getTemplate (F:\\hub\\koa2Tutor\\node_modules\\nunjucks\\src\\environment.js:321:9)\n    at Environment.render (F:\\hub\\koa2Tutor\\node_modules\\nunjucks\\src\\environment.js:360:10)\n    at Environment.tryCatcher (F:\\hub\\koa2Tutor\\node_modules\\bluebird\\js\\release\\util.js:16:23)\n    at Environment.ret [as renderAsync] (eval at makeNodePromisifiedEval (F:\\hub\\koa2Tutor\\node_modules\\bluebird\\js\\release\\promisify.js:184:12), <anonymous>:13:39)\n    at _callee$ (F:\\hub\\koa2Tutor\\node_modules\\koa-nunjucks-2\\compiled.js:109:64)\n    at tryCatch (F:\\hub\\koa2Tutor\\node_modules\\regenerator-runtime\\runtime.js:62:40)\n    at Generator.invoke [as _invoke] (F:\\hub\\koa2Tutor\\node_modules\\regenerator-runtime\\runtime.js:296:22)\n    at Generator.prototype.(anonymous function) [as next] (F:\\hub\\koa2Tutor\\node_modules\\regenerator-runtime\\runtime.js:114:21)\n    at step (F:\\hub\\koa2Tutor\\node_modules\\babel-runtime\\helpers\\asyncToGenerator.js:17:30)\n    at F:\\hub\\koa2Tutor\\node_modules\\babel-runtime\\helpers\\asyncToGenerator.js:35:14","userAgent":"Mozilla/5.0 (Windows NT 10.0; Win64; x64) AppleWebKit/537.36 (KHTML, like Gecko) Chrome/72.0.3626.121 Safari/537.36"}
[2019-03-23T15:09:41.696] [INFO] cheese - {"projectName":"koa2-tutor","serverIp":"10.101.7.170","method":"GET","url":"/home","host":"localhost:3000","message":{"responseTime":"响应时间为0.002s"},"userAgent":"Mozilla/5.0 (Windows NT 10.0; Win64; x64) AppleWebKit/537.36 (KHTML, like Gecko) Chrome/72.0.3626.121 Safari/537.36"}
[2019-03-23T15:09:47.112] [ERROR] cheese - {"projectName":"koa2-tutor","serverIp":"10.101.7.170","method":"GET","url":"/user","host":"localhost:3000","message":"Error: template not found: home/login.html\n    at createTemplate (F:\\hub\\koa2Tutor\\node_modules\\nunjucks\\src\\environment.js:290:15)\n    at next (F:\\hub\\koa2Tutor\\node_modules\\nunjucks\\src\\lib.js:282:7)\n    at handle (F:\\hub\\koa2Tutor\\node_modules\\nunjucks\\src\\environment.js:329:11)\n    at F:\\hub\\koa2Tutor\\node_modules\\nunjucks\\src\\environment.js:339:9\n    at next (F:\\hub\\koa2Tutor\\node_modules\\nunjucks\\src\\lib.js:280:7)\n    at Object.asyncIter (F:\\hub\\koa2Tutor\\node_modules\\nunjucks\\src\\lib.js:286:3)\n    at Environment.getTemplate (F:\\hub\\koa2Tutor\\node_modules\\nunjucks\\src\\environment.js:321:9)\n    at Environment.render (F:\\hub\\koa2Tutor\\node_modules\\nunjucks\\src\\environment.js:360:10)\n    at Environment.tryCatcher (F:\\hub\\koa2Tutor\\node_modules\\bluebird\\js\\release\\util.js:16:23)\n    at Environment.ret [as renderAsync] (eval at makeNodePromisifiedEval (F:\\hub\\koa2Tutor\\node_modules\\bluebird\\js\\release\\promisify.js:184:12), <anonymous>:13:39)\n    at _callee$ (F:\\hub\\koa2Tutor\\node_modules\\koa-nunjucks-2\\compiled.js:109:64)\n    at tryCatch (F:\\hub\\koa2Tutor\\node_modules\\regenerator-runtime\\runtime.js:62:40)\n    at Generator.invoke [as _invoke] (F:\\hub\\koa2Tutor\\node_modules\\regenerator-runtime\\runtime.js:296:22)\n    at Generator.prototype.(anonymous function) [as next] (F:\\hub\\koa2Tutor\\node_modules\\regenerator-runtime\\runtime.js:114:21)\n    at step (F:\\hub\\koa2Tutor\\node_modules\\babel-runtime\\helpers\\asyncToGenerator.js:17:30)\n    at F:\\hub\\koa2Tutor\\node_modules\\babel-runtime\\helpers\\asyncToGenerator.js:35:14","userAgent":"Mozilla/5.0 (Windows NT 10.0; Win64; x64) AppleWebKit/537.36 (KHTML, like Gecko) Chrome/72.0.3626.121 Safari/537.36"}
[2019-03-23T15:11:15.615] [INFO] cheese - {"projectName":"koa2-tutor","serverIp":"10.101.7.170","method":"GET","url":"/user","host":"localhost:3000","message":{"responseTime":"响应时间为0.027s"},"userAgent":"Mozilla/5.0 (Windows NT 10.0; Win64; x64) AppleWebKit/537.36 (KHTML, like Gecko) Chrome/72.0.3626.121 Safari/537.36"}
[2019-03-23T15:11:15.627] [INFO] cheese - {"projectName":"koa2-tutor","serverIp":"10.101.7.170","method":"GET","url":"/home/main.css","host":"localhost:3000","message":{"responseTime":"响应时间为0.002s"},"referer":"http://localhost:3000/user","userAgent":"Mozilla/5.0 (Windows NT 10.0; Win64; x64) AppleWebKit/537.36 (KHTML, like Gecko) Chrome/72.0.3626.121 Safari/537.36"}
[2019-03-23T15:13:41.350] [INFO] cheese - {"projectName":"koa2-tutor","serverIp":"10.101.7.170","method":"GET","url":"/","host":"localhost:3000","message":{"responseTime":"响应时间为0.033s"},"userAgent":"Mozilla/5.0 (Windows NT 10.0; Win64; x64) AppleWebKit/537.36 (KHTML, like Gecko) Chrome/72.0.3626.121 Safari/537.36"}
[2019-03-23T15:13:41.369] [INFO] cheese - {"projectName":"koa2-tutor","serverIp":"10.101.7.170","method":"GET","url":"/home/main.css","host":"localhost:3000","message":{"responseTime":"响应时间为0.002s"},"referer":"http://localhost:3000/","userAgent":"Mozilla/5.0 (Windows NT 10.0; Win64; x64) AppleWebKit/537.36 (KHTML, like Gecko) Chrome/72.0.3626.121 Safari/537.36"}
[2019-03-23T15:13:44.196] [INFO] cheese - {"projectName":"koa2-tutor","serverIp":"10.101.7.170","method":"GET","url":"/user","host":"localhost:3000","message":{"responseTime":"响应时间为0.003s"},"referer":"http://localhost:3000/","userAgent":"Mozilla/5.0 (Windows NT 10.0; Win64; x64) AppleWebKit/537.36 (KHTML, like Gecko) Chrome/72.0.3626.121 Safari/537.36"}
[2019-03-23T15:13:44.207] [INFO] cheese - {"projectName":"koa2-tutor","serverIp":"10.101.7.170","method":"GET","url":"/home/main.css","host":"localhost:3000","message":{"responseTime":"响应时间为0.002s"},"referer":"http://localhost:3000/user","userAgent":"Mozilla/5.0 (Windows NT 10.0; Win64; x64) AppleWebKit/537.36 (KHTML, like Gecko) Chrome/72.0.3626.121 Safari/537.36"}
[2019-03-23T15:13:51.562] [ERROR] cheese - {"projectName":"koa2-tutor","serverIp":"10.101.7.170","method":"POST","url":"/user/register","host":"localhost:3000","message":"ReferenceError: app is not defined\n    at register (F:\\hub\\koa2Tutor\\controller\\index.js:21:19)\n    at dispatch (F:\\hub\\koa2Tutor\\node_modules\\koa-router\\node_modules\\koa-compose\\index.js:44:32)\n    at next (F:\\hub\\koa2Tutor\\node_modules\\koa-router\\node_modules\\koa-compose\\index.js:45:18)\n    at F:\\hub\\koa2Tutor\\node_modules\\koa-router\\lib\\router.js:346:16\n    at dispatch (F:\\hub\\koa2Tutor\\node_modules\\koa-router\\node_modules\\koa-compose\\index.js:44:32)\n    at F:\\hub\\koa2Tutor\\node_modules\\koa-router\\node_modules\\koa-compose\\index.js:36:12\n    at dispatch (F:\\hub\\koa2Tutor\\node_modules\\koa-router\\lib\\router.js:351:31)\n    at dispatch (F:\\hub\\koa2Tutor\\node_modules\\koa-compose\\index.js:42:32)\n    at F:\\hub\\koa2Tutor\\middleware\\mi-send\\index.js:8:12\n    at dispatch (F:\\hub\\koa2Tutor\\node_modules\\koa-compose\\index.js:42:32)\n    at bodyParser (F:\\hub\\koa2Tutor\\node_modules\\koa-bodyparser\\index.js:86:11)\n    at <anonymous>\n    at process._tickCallback (internal/process/next_tick.js:188:7)","referer":"http://localhost:3000/user","userAgent":"Mozilla/5.0 (Windows NT 10.0; Win64; x64) AppleWebKit/537.36 (KHTML, like Gecko) Chrome/72.0.3626.121 Safari/537.36"}
[2019-03-23T15:15:03.675] [INFO] cheese - {"projectName":"koa2-tutor","serverIp":"10.101.7.170","method":"POST","url":"/user/register","host":"localhost:3000","message":{"responseTime":"响应时间为0.037s"},"referer":"http://localhost:3000/user","userAgent":"Mozilla/5.0 (Windows NT 10.0; Win64; x64) AppleWebKit/537.36 (KHTML, like Gecko) Chrome/72.0.3626.121 Safari/537.36"}
[2019-03-23T15:15:03.689] [INFO] cheese - {"projectName":"koa2-tutor","serverIp":"10.101.7.170","method":"GET","url":"/home/main.css","host":"localhost:3000","message":{"responseTime":"响应时间为0.005s"},"referer":"http://localhost:3000/user/register","userAgent":"Mozilla/5.0 (Windows NT 10.0; Win64; x64) AppleWebKit/537.36 (KHTML, like Gecko) Chrome/72.0.3626.121 Safari/537.36"}
[2019-03-23T15:16:12.557] [INFO] cheese - {"projectName":"koa2-tutor","serverIp":"10.101.7.170","method":"GET","url":"/","host":"localhost:3000","message":{"responseTime":"响应时间为0.028s"},"userAgent":"Mozilla/5.0 (Windows NT 10.0; Win64; x64) AppleWebKit/537.36 (KHTML, like Gecko) Chrome/72.0.3626.121 Safari/537.36"}
[2019-03-23T15:16:12.569] [INFO] cheese - {"projectName":"koa2-tutor","serverIp":"10.101.7.170","method":"GET","url":"/home/main.css","host":"localhost:3000","message":{"responseTime":"响应时间为0.003s"},"referer":"http://localhost:3000/","userAgent":"Mozilla/5.0 (Windows NT 10.0; Win64; x64) AppleWebKit/537.36 (KHTML, like Gecko) Chrome/72.0.3626.121 Safari/537.36"}
[2019-03-23T15:16:19.816] [INFO] cheese - {"projectName":"koa2-tutor","serverIp":"10.101.7.170","method":"GET","url":"/home","host":"localhost:3000","message":{"responseTime":"响应时间为0.002s"},"userAgent":"Mozilla/5.0 (Windows NT 10.0; Win64; x64) AppleWebKit/537.36 (KHTML, like Gecko) Chrome/72.0.3626.121 Safari/537.36"}
[2019-03-23T15:17:25.792] [INFO] cheese - {"projectName":"koa2-tutor","serverIp":"10.101.7.170","method":"GET","url":"/homeParams","host":"localhost:3000","message":{"responseTime":"响应时间为0.001s"},"userAgent":"Mozilla/5.0 (Windows NT 10.0; Win64; x64) AppleWebKit/537.36 (KHTML, like Gecko) Chrome/72.0.3626.121 Safari/537.36"}
[2019-03-23T15:17:38.679] [INFO] cheese - {"projectName":"koa2-tutor","serverIp":"10.101.7.170","method":"GET","url":"/home/2/3","host":"localhost:3000","message":{"responseTime":"响应时间为0.002s"},"userAgent":"Mozilla/5.0 (Windows NT 10.0; Win64; x64) AppleWebKit/537.36 (KHTML, like Gecko) Chrome/72.0.3626.121 Safari/537.36"}
[2019-03-23T15:20:15.861] [INFO] cheese - {"projectName":"koa2-tutor","serverIp":"10.101.7.170","method":"GET","url":"/home?id=12&name=ikcamp","host":"localhost:3000","message":{"responseTime":"响应时间为0.013s"},"userAgent":"Mozilla/5.0 (Windows NT 10.0; Win64; x64) AppleWebKit/537.36 (KHTML, like Gecko) Chrome/72.0.3626.121 Safari/537.36"}
[2019-03-23T15:21:49.108] [INFO] cheese - {"projectName":"koa2-tutor","serverIp":"10.101.7.170","method":"GET","url":"/home/12/ikcamp","host":"localhost:3000","message":{"responseTime":"响应时间为0.012s"},"userAgent":"Mozilla/5.0 (Windows NT 10.0; Win64; x64) AppleWebKit/537.36 (KHTML, like Gecko) Chrome/72.0.3626.121 Safari/537.36"}
[2019-03-23T15:22:02.010] [INFO] cheese - {"projectName":"koa2-tutor","serverIp":"10.101.7.170","method":"GET","url":"/home/12/ikcamp","host":"localhost:3000","message":{"responseTime":"响应时间为0.001s"},"userAgent":"Mozilla/5.0 (Windows NT 10.0; Win64; x64) AppleWebKit/537.36 (KHTML, like Gecko) Chrome/72.0.3626.121 Safari/537.36"}
[2019-03-23T15:22:06.665] [INFO] cheese - {"projectName":"koa2-tutor","serverIp":"10.101.7.170","method":"GET","url":"/home/12/ikcamp","host":"localhost:3000","message":{"responseTime":"响应时间为0.001s"},"userAgent":"Mozilla/5.0 (Windows NT 10.0; Win64; x64) AppleWebKit/537.36 (KHTML, like Gecko) Chrome/72.0.3626.121 Safari/537.36"}
